<?xml version="1.0" encoding="UTF-8"?>
<!-- Generated by org.testng.reporters.JUnitReportReporter -->
<testsuite hostname="KANINI-LTP-552" failures="0" tests="1" name="testNG_FrameWork_Concepts.Sample_Day1" time="0.006" errors="0" timestamp="2025-02-18T09:43:59 IST" skipped="0">
  <testcase classname="testNG_FrameWork_Concepts.Sample_Day1" name="Come" time="0.006"/>
</testsuite> <!-- testNG_FrameWork_Concepts.Sample_Day1 -->
