<?xml version="1.0" encoding="UTF-8"?>
<!-- Generated by org.testng.reporters.JUnitReportReporter -->
<testsuite hostname="KANINI-LTP-552" failures="0" tests="1" name="testNG_FrameWork_Concepts.Sample_Day3" time="0.001" errors="0" timestamp="2025-02-18T07:33:42 IST" skipped="0">
  <testcase classname="testNG_FrameWork_Concepts.Sample_Day3" name="Sleep" time="0.001"/>
</testsuite> <!-- testNG_FrameWork_Concepts.Sample_Day3 -->
