<?xml version="1.0" encoding="UTF-8"?>
<!-- Generated by org.testng.reporters.JUnitReportReporter -->
<testsuite hostname="KANINI-LTP-552" failures="0" tests="2" name="testNG_FrameWork_Concepts.Child" time="0.005" errors="0" timestamp="2025-02-18T21:51:16 IST" skipped="0">
  <testcase classname="testNG_FrameWork_Concepts.Child" name="TestRe" time="0.001"/>
  <testcase classname="testNG_FrameWork_Concepts.Child" name="childclass" time="0.004"/>
</testsuite> <!-- testNG_FrameWork_Concepts.Child -->
