<?xml version="1.0" encoding="UTF-8"?>
<!-- Generated by org.testng.reporters.JUnitReportReporter -->
<testsuite hostname="KANINI-LTP-552" failures="0" tests="2" name="testNG_FrameWork_Concepts.Parameterizing_from_XML" time="0.007" errors="0" timestamp="2025-02-18T09:56:13 IST" skipped="0">
  <testcase classname="testNG_FrameWork_Concepts.Parameterizing_from_XML" name="Come" time="0.006"/>
  <testcase classname="testNG_FrameWork_Concepts.Parameterizing_from_XML" name="go" time="0.001"/>
</testsuite> <!-- testNG_FrameWork_Concepts.Parameterizing_from_XML -->
