<?xml version="1.0" encoding="UTF-8"?>
<!-- Generated by org.testng.reporters.JUnitReportReporter -->
<testsuite hostname="KANINI-LTP-552" failures="0" tests="2" name="testNG_FrameWork_Concepts.TestNG_Configurations" time="0.021" errors="0" timestamp="2025-02-17T18:12:51 IST" skipped="0">
  <testcase classname="testNG_FrameWork_Concepts.TestNG_Configurations" name="TestNGDemo" time="0.004"/>
  <testcase classname="testNG_FrameWork_Concepts.TestNG_Configurations" name="SecondDemo" time="0.017"/>
</testsuite> <!-- testNG_FrameWork_Concepts.TestNG_Configurations -->
