<?xml version="1.0" encoding="UTF-8"?>
<!-- Generated by org.testng.reporters.JUnitReportReporter -->
<testsuite hostname="KANINI-LTP-552" failures="0" tests="2" name="testNG_FrameWork_Concepts.ChildClass_Constructor" time="0.005" errors="0" timestamp="2025-02-18T20:25:52 IST" skipped="0">
  <testcase classname="testNG_FrameWork_Concepts.ChildClass_Constructor" name="childclass" time="0.003"/>
  <testcase classname="testNG_FrameWork_Concepts.ChildClass_Constructor" name="TestRe" time="0.002"/>
</testsuite> <!-- testNG_FrameWork_Concepts.ChildClass_Constructor -->
