<?xml version="1.0" encoding="UTF-8"?>
<!-- Generated by org.testng.reporters.JUnitReportReporter -->
<testsuite hostname="KANINI-LTP-552" failures="0" tests="3" name="testNG_FrameWork_Concepts.DataProvider_Example" time="0.007" errors="0" timestamp="2025-02-18T15:51:11 IST" skipped="0">
  <testcase classname="testNG_FrameWork_Concepts.DataProvider_Example" name="field" time="0.001"/>
  <testcase classname="testNG_FrameWork_Concepts.DataProvider_Example" name="field" time="0.004"/>
  <testcase classname="testNG_FrameWork_Concepts.DataProvider_Example" name="field" time="0.002"/>
</testsuite> <!-- testNG_FrameWork_Concepts.DataProvider_Example -->
